<?xml version="1.0" encoding="UTF-8"?>
<robot generator="Robot 6.1.1 (Python 3.6.8 on win32)" generated="20231002 17:04:07.329" rpa="false" schemaversion="4">
<suite id="s1" name="Kabum" source="C:\Users\matteusbonotto\Documents\github\kabum-challenge\testes_kabum\kabum.robot">
<test id="s1-t1" name="Funcionalidade: Validar login incorreto" line="7">
<kw name="Abrir pagina" library="kabum.resource">
<kw name="Open Browser" library="SeleniumLibrary">
<arg>${URL}</arg>
<arg>browser=${BROWSER}</arg>
<doc>Opens a new browser instance to the optional ``url``.</doc>
<msg timestamp="20231002 17:04:07.535" level="INFO">Opening browser 'chrome' to base url 'https://kabum.com.br'.</msg>
<status status="PASS" starttime="20231002 17:04:07.535" endtime="20231002 17:04:14.658"/>
</kw>
<status status="PASS" starttime="20231002 17:04:07.535" endtime="20231002 17:04:14.658"/>
</kw>
<kw name="Clicar Em login" library="kabum.resource">
<kw name="Click Element" library="SeleniumLibrary">
<arg>${button_login}</arg>
<doc>Click the element identified by ``locator``.</doc>
<msg timestamp="20231002 17:04:14.661" level="INFO">Clicking element '//*[@id="linkLoginHeader"]'.</msg>
<status status="PASS" starttime="20231002 17:04:14.659" endtime="20231002 17:04:16.429"/>
</kw>
<status status="PASS" starttime="20231002 17:04:14.659" endtime="20231002 17:04:16.429"/>
</kw>
<kw name="Inserir usuario" library="kabum.resource">
<kw name="Input Text" library="SeleniumLibrary">
<arg>${input_user}</arg>
<arg>teste@teste.com</arg>
<doc>Types the given ``text`` into the text field identified by ``locator``.</doc>
<msg timestamp="20231002 17:04:16.431" level="INFO">Typing text 'teste@teste.com' into text field '//*[@id="login"]'.</msg>
<status status="PASS" starttime="20231002 17:04:16.430" endtime="20231002 17:04:16.620"/>
</kw>
<status status="PASS" starttime="20231002 17:04:16.430" endtime="20231002 17:04:16.621"/>
</kw>
<kw name="Inserir senha" library="kabum.resource">
<kw name="Input Text" library="SeleniumLibrary">
<arg>${input_password}</arg>
<arg>123456</arg>
<doc>Types the given ``text`` into the text field identified by ``locator``.</doc>
<msg timestamp="20231002 17:04:16.622" level="INFO">Typing text '123456' into text field '//*[@id="password"]'.</msg>
<status status="PASS" starttime="20231002 17:04:16.622" endtime="20231002 17:04:16.764"/>
</kw>
<status status="PASS" starttime="20231002 17:04:16.621" endtime="20231002 17:04:16.764"/>
</kw>
<kw name="Clicar em entrar" library="kabum.resource">
<kw name="Click Element" library="SeleniumLibrary">
<arg>${button_signin}</arg>
<doc>Click the element identified by ``locator``.</doc>
<msg timestamp="20231002 17:04:16.765" level="INFO">Clicking element '//*[@id="__next"]/main/div/div/div/form/div[3]/button'.</msg>
<status status="PASS" starttime="20231002 17:04:16.764" endtime="20231002 17:04:18.171"/>
</kw>
<status status="PASS" starttime="20231002 17:04:16.764" endtime="20231002 17:04:18.171"/>
</kw>
<kw name="Espere pela mensagem" library="kabum.resource">
<kw name="Wait Until Element Is Visible" library="SeleniumLibrary">
<arg>xpath=${feedback_login}</arg>
<doc>Waits until the element ``locator`` is visible.</doc>
<status status="PASS" starttime="20231002 17:04:18.172" endtime="20231002 17:04:18.709"/>
</kw>
<status status="PASS" starttime="20231002 17:04:18.172" endtime="20231002 17:04:18.709"/>
</kw>
<kw name="A mensagem &quot;E-mail, CPF, CNPJ ou senha incorretos&quot; é igual a esperada" library="kabum.resource" sourcename="A mensagem &quot;${feedback}&quot; é igual a esperada">
<kw name="Element Should Contain" library="SeleniumLibrary">
<arg>xpath=${feedback_login}</arg>
<arg>${feedback}</arg>
<doc>Verifies that element ``locator`` contains text ``expected``.</doc>
<msg timestamp="20231002 17:04:18.733" level="INFO">Element 'xpath=//*[@id="__next"]/main/div/div/div/form/div[3]/div/span/p' contains text 'E-mail, CPF, CNPJ ou senha incorretos'.</msg>
<status status="PASS" starttime="20231002 17:04:18.710" endtime="20231002 17:04:18.733"/>
</kw>
<status status="PASS" starttime="20231002 17:04:18.710" endtime="20231002 17:04:18.733"/>
</kw>
<kw name="Fechar o navegador" library="kabum.resource">
<kw name="Close Browser" library="SeleniumLibrary">
<doc>Closes the current browser.</doc>
<status status="PASS" starttime="20231002 17:04:18.734" endtime="20231002 17:04:20.930"/>
</kw>
<status status="PASS" starttime="20231002 17:04:18.734" endtime="20231002 17:04:20.932"/>
</kw>
<tag>Cenario1</tag>
<status status="PASS" starttime="20231002 17:04:07.535" endtime="20231002 17:04:20.932"/>
</test>
<status status="PASS" starttime="20231002 17:04:07.329" endtime="20231002 17:04:20.934"/>
</suite>
<statistics>
<total>
<stat pass="1" fail="0" skip="0">All Tests</stat>
</total>
<tag>
<stat pass="1" fail="0" skip="0">Cenario1</stat>
</tag>
<suite>
<stat pass="1" fail="0" skip="0" id="s1" name="Kabum">Kabum</stat>
</suite>
</statistics>
<errors>
</errors>
</robot>
